2023-11-08 13:13:11.005 INFO  [restartedMain] [c.chunjae.project05.Project05Application] - Starting Project05Application using Java 17.0.7 on FULL8-015 with PID 16104 (D:\park\project\personal\personal_pro05_2023\project05\build\classes\java\main started by db400tea in D:\park\project\personal\personal_pro05_2023\project05)
2023-11-08 13:13:11.007 INFO  [restartedMain] [c.chunjae.project05.Project05Application] - No active profile set, falling back to 1 default profile: "default"
2023-11-08 13:13:11.156 INFO  [restartedMain] [o.s.b.d.e.DevToolsPropertyDefaultsPostProcessor] - Devtools property defaults active! Set 'spring.devtools.add-properties' to 'false' to disable
2023-11-08 13:13:11.157 INFO  [restartedMain] [o.s.b.d.e.DevToolsPropertyDefaultsPostProcessor] - For additional web related logging consider setting the 'logging.level.web' property to 'DEBUG'
2023-11-08 13:13:11.782 INFO  [restartedMain] [o.s.b.w.embedded.tomcat.TomcatWebServer] - Tomcat initialized with port(s): 8085 (http)
2023-11-08 13:13:11.786 INFO  [restartedMain] [o.apache.coyote.http11.Http11NioProtocol] - Initializing ProtocolHandler ["http-nio-8085"]
2023-11-08 13:13:11.787 INFO  [restartedMain] [org.apache.catalina.core.StandardService] - Starting service [Tomcat]
2023-11-08 13:13:11.787 INFO  [restartedMain] [org.apache.catalina.core.StandardEngine] - Starting Servlet engine: [Apache Tomcat/9.0.82]
2023-11-08 13:13:11.877 INFO  [restartedMain] [org.apache.jasper.servlet.TldScanner] - At least one JAR was scanned for TLDs yet contained no TLDs. Enable debug logging for this logger for a complete list of JARs that were scanned but no TLDs were found in them. Skipping unneeded JARs during scanning can improve startup time and JSP compilation time.
2023-11-08 13:13:11.882 INFO  [restartedMain] [o.a.c.c.C.[Tomcat].[localhost].[/]] - Initializing Spring embedded WebApplicationContext
2023-11-08 13:13:11.882 INFO  [restartedMain] [o.s.b.w.s.c.ServletWebServerApplicationContext] - Root WebApplicationContext: initialization completed in 725 ms
2023-11-08 13:13:12.225 INFO  [restartedMain] [o.s.s.web.DefaultSecurityFilterChain] - Will secure any request with [org.springframework.security.web.session.DisableEncodeUrlFilter@2536ddd7, org.springframework.security.web.context.request.async.WebAsyncManagerIntegrationFilter@4210a8d1, org.springframework.security.web.context.SecurityContextPersistenceFilter@21c8855c, org.springframework.security.web.header.HeaderWriterFilter@935ee18, org.springframework.security.web.csrf.CsrfFilter@4dc88421, org.springframework.security.web.authentication.logout.LogoutFilter@15563003, org.springframework.security.web.authentication.UsernamePasswordAuthenticationFilter@7aa40c0d, org.springframework.security.web.savedrequest.RequestCacheAwareFilter@6f02a29e, org.springframework.security.web.servletapi.SecurityContextHolderAwareRequestFilter@7aa13e, org.springframework.security.web.authentication.AnonymousAuthenticationFilter@1948d31a, org.springframework.security.web.session.SessionManagementFilter@5ca006bc, org.springframework.security.web.access.ExceptionTranslationFilter@5b103d70, org.springframework.security.web.access.intercept.FilterSecurityInterceptor@4b8455c3]
2023-11-08 13:13:12.435 INFO  [restartedMain] [o.s.b.d.a.OptionalLiveReloadServer] - LiveReload server is running on port 35729
2023-11-08 13:13:12.443 INFO  [restartedMain] [o.apache.coyote.http11.Http11NioProtocol] - Starting ProtocolHandler ["http-nio-8085"]
2023-11-08 13:13:12.459 INFO  [restartedMain] [o.s.b.w.embedded.tomcat.TomcatWebServer] - Tomcat started on port(s): 8085 (http) with context path ''
2023-11-08 13:13:12.468 INFO  [restartedMain] [c.chunjae.project05.Project05Application] - Started Project05Application in 1.673 seconds (JVM running for 2.103)
2023-11-08 13:13:20.102 INFO  [http-nio-8085-exec-1] [o.a.c.c.C.[Tomcat].[localhost].[/]] - Initializing Spring DispatcherServlet 'dispatcherServlet'
2023-11-08 13:13:20.102 INFO  [http-nio-8085-exec-1] [o.s.web.servlet.DispatcherServlet] - Initializing Servlet 'dispatcherServlet'
2023-11-08 13:13:20.102 INFO  [http-nio-8085-exec-1] [o.s.web.servlet.DispatcherServlet] - Completed initialization in 0 ms
2023-11-08 13:13:20.686 WARN  [http-nio-8085-exec-1] [n.n.u.t.e.ExpressionProcessor] - Fragment expression "layout/layout" is being wrapped as a Thymeleaf 3 fragment expression (~{...}) for backwards compatibility purposes.  This wrapping will be dropped in the next major version of the expression processor, so please rewrite as a Thymeleaf 3 fragment expression to future-proof your code.  See https://github.com/thymeleaf/thymeleaf/issues/451 for more information.
2023-11-08 13:13:21.344 INFO  [http-nio-8085-exec-3] [com.zaxxer.hikari.HikariDataSource] - HikariPool-1 - Starting...
2023-11-08 13:13:21.486 INFO  [http-nio-8085-exec-3] [com.zaxxer.hikari.HikariDataSource] - HikariPool-1 - Start completed.
2023-11-08 13:13:22.952 WARN  [http-nio-8085-exec-6] [n.n.u.t.e.ExpressionProcessor] - Fragment expression "layout/layoutUser" is being wrapped as a Thymeleaf 3 fragment expression (~{...}) for backwards compatibility purposes.  This wrapping will be dropped in the next major version of the expression processor, so please rewrite as a Thymeleaf 3 fragment expression to future-proof your code.  See https://github.com/thymeleaf/thymeleaf/issues/451 for more information.
2023-11-08 13:15:17.414 INFO  [SpringApplicationShutdownHook] [com.zaxxer.hikari.HikariDataSource] - HikariPool-1 - Shutdown initiated...
2023-11-08 13:15:17.416 INFO  [SpringApplicationShutdownHook] [com.zaxxer.hikari.HikariDataSource] - HikariPool-1 - Shutdown completed.
2023-11-08 13:15:19.752 INFO  [restartedMain] [c.chunjae.project05.Project05Application] - Starting Project05Application using Java 17.0.7 on FULL8-015 with PID 6924 (D:\park\project\personal\personal_pro05_2023\project05\build\classes\java\main started by db400tea in D:\park\project\personal\personal_pro05_2023\project05)
2023-11-08 13:15:19.753 INFO  [restartedMain] [c.chunjae.project05.Project05Application] - No active profile set, falling back to 1 default profile: "default"
2023-11-08 13:15:19.936 INFO  [restartedMain] [o.s.b.d.e.DevToolsPropertyDefaultsPostProcessor] - Devtools property defaults active! Set 'spring.devtools.add-properties' to 'false' to disable
2023-11-08 13:15:19.936 INFO  [restartedMain] [o.s.b.d.e.DevToolsPropertyDefaultsPostProcessor] - For additional web related logging consider setting the 'logging.level.web' property to 'DEBUG'
2023-11-08 13:15:20.574 INFO  [restartedMain] [o.s.b.w.embedded.tomcat.TomcatWebServer] - Tomcat initialized with port(s): 8085 (http)
2023-11-08 13:15:20.578 INFO  [restartedMain] [o.apache.coyote.http11.Http11NioProtocol] - Initializing ProtocolHandler ["http-nio-8085"]
2023-11-08 13:15:20.579 INFO  [restartedMain] [org.apache.catalina.core.StandardService] - Starting service [Tomcat]
2023-11-08 13:15:20.579 INFO  [restartedMain] [org.apache.catalina.core.StandardEngine] - Starting Servlet engine: [Apache Tomcat/9.0.82]
2023-11-08 13:15:20.658 INFO  [restartedMain] [org.apache.jasper.servlet.TldScanner] - At least one JAR was scanned for TLDs yet contained no TLDs. Enable debug logging for this logger for a complete list of JARs that were scanned but no TLDs were found in them. Skipping unneeded JARs during scanning can improve startup time and JSP compilation time.
2023-11-08 13:15:20.662 INFO  [restartedMain] [o.a.c.c.C.[Tomcat].[localhost].[/]] - Initializing Spring embedded WebApplicationContext
2023-11-08 13:15:20.662 INFO  [restartedMain] [o.s.b.w.s.c.ServletWebServerApplicationContext] - Root WebApplicationContext: initialization completed in 725 ms
2023-11-08 13:15:20.970 INFO  [restartedMain] [o.s.s.web.DefaultSecurityFilterChain] - Will secure any request with [org.springframework.security.web.session.DisableEncodeUrlFilter@2f522676, org.springframework.security.web.context.request.async.WebAsyncManagerIntegrationFilter@d430887, org.springframework.security.web.context.SecurityContextPersistenceFilter@22a466e1, org.springframework.security.web.header.HeaderWriterFilter@6ce1b683, org.springframework.security.web.csrf.CsrfFilter@60b1c8bd, org.springframework.security.web.authentication.logout.LogoutFilter@1c29e289, org.springframework.security.web.authentication.UsernamePasswordAuthenticationFilter@5c5a6108, org.springframework.security.web.savedrequest.RequestCacheAwareFilter@7360b35, org.springframework.security.web.servletapi.SecurityContextHolderAwareRequestFilter@4dd19b34, org.springframework.security.web.authentication.AnonymousAuthenticationFilter@63af89fe, org.springframework.security.web.session.SessionManagementFilter@6738091a, org.springframework.security.web.access.ExceptionTranslationFilter@6eb737d8, org.springframework.security.web.access.intercept.FilterSecurityInterceptor@47cd1dcb]
2023-11-08 13:15:21.167 INFO  [restartedMain] [o.s.b.d.a.OptionalLiveReloadServer] - LiveReload server is running on port 35729
2023-11-08 13:15:21.176 INFO  [restartedMain] [o.apache.coyote.http11.Http11NioProtocol] - Starting ProtocolHandler ["http-nio-8085"]
2023-11-08 13:15:21.191 INFO  [restartedMain] [o.s.b.w.embedded.tomcat.TomcatWebServer] - Tomcat started on port(s): 8085 (http) with context path ''
2023-11-08 13:15:21.197 INFO  [restartedMain] [c.chunjae.project05.Project05Application] - Started Project05Application in 1.633 seconds (JVM running for 2.013)
2023-11-08 13:17:08.847 INFO  [http-nio-8085-exec-1] [o.a.c.c.C.[Tomcat].[localhost].[/]] - Initializing Spring DispatcherServlet 'dispatcherServlet'
2023-11-08 13:17:08.847 INFO  [http-nio-8085-exec-1] [o.s.web.servlet.DispatcherServlet] - Initializing Servlet 'dispatcherServlet'
2023-11-08 13:17:08.848 INFO  [http-nio-8085-exec-1] [o.s.web.servlet.DispatcherServlet] - Completed initialization in 0 ms
2023-11-08 13:17:08.887 INFO  [http-nio-8085-exec-1] [com.zaxxer.hikari.HikariDataSource] - HikariPool-1 - Starting...
2023-11-08 13:17:08.934 INFO  [http-nio-8085-exec-1] [com.zaxxer.hikari.HikariDataSource] - HikariPool-1 - Start completed.
2023-11-08 13:17:09.180 WARN  [http-nio-8085-exec-1] [n.n.u.t.e.ExpressionProcessor] - Fragment expression "layout/layoutUser" is being wrapped as a Thymeleaf 3 fragment expression (~{...}) for backwards compatibility purposes.  This wrapping will be dropped in the next major version of the expression processor, so please rewrite as a Thymeleaf 3 fragment expression to future-proof your code.  See https://github.com/thymeleaf/thymeleaf/issues/451 for more information.
2023-11-08 20:14:00.499 INFO  [SpringApplicationShutdownHook] [com.zaxxer.hikari.HikariDataSource] - HikariPool-1 - Shutdown initiated...
2023-11-08 20:14:00.501 INFO  [SpringApplicationShutdownHook] [com.zaxxer.hikari.HikariDataSource] - HikariPool-1 - Shutdown completed.
